0 info it worked if it ends with ok
1 verbose cli [ 'node', '/usr/local/bin/npm', 'install', 'azure-cli', '-g' ]
2 info using npm@1.4.18
3 info using node@v0.10.24
4 verbose cache add [ 'azure-cli', null ]
5 verbose cache add name=undefined spec="azure-cli" args=["azure-cli",null]
6 verbose parsed url { protocol: null,
6 verbose parsed url   slashes: null,
6 verbose parsed url   auth: null,
6 verbose parsed url   host: null,
6 verbose parsed url   port: null,
6 verbose parsed url   hostname: null,
6 verbose parsed url   hash: null,
6 verbose parsed url   search: null,
6 verbose parsed url   query: null,
6 verbose parsed url   pathname: 'azure-cli',
6 verbose parsed url   path: 'azure-cli',
6 verbose parsed url   href: 'azure-cli' }
7 silly lockFile e55ea045-azure-cli azure-cli
8 verbose lock azure-cli /Users/yagitatsuya/.npm/e55ea045-azure-cli.lock
9 silly lockFile e55ea045-azure-cli azure-cli
10 silly lockFile e55ea045-azure-cli azure-cli
11 verbose addNamed [ 'azure-cli', '' ]
12 verbose addNamed [ null, '*' ]
13 silly lockFile a53364e7-azure-cli azure-cli@
14 verbose lock azure-cli@ /Users/yagitatsuya/.npm/a53364e7-azure-cli.lock
15 silly addNameRange { name: 'azure-cli', range: '*', hasData: false }
16 verbose request where is /azure-cli
17 verbose request registry https://registry.npmjs.org/
18 verbose request id a8ae781be34d395a
19 verbose url raw /azure-cli
20 verbose url resolving [ 'https://registry.npmjs.org/', './azure-cli' ]
21 verbose url resolved https://registry.npmjs.org/azure-cli
22 verbose request where is https://registry.npmjs.org/azure-cli
23 info trying registry request attempt 1 at 11:57:43
24 verbose etag "89WB41N072OOWT15R12C7H43B"
25 http GET https://registry.npmjs.org/azure-cli
26 http 200 https://registry.npmjs.org/azure-cli
27 silly registry.get cb [ 200,
27 silly registry.get   { date: 'Sun, 31 Aug 2014 02:57:45 GMT',
27 silly registry.get     server: 'CouchDB/1.5.0 (Erlang OTP/R16B03)',
27 silly registry.get     etag: '"C5VR1ZGP78VLEAP1V6DEYBC4U"',
27 silly registry.get     'content-type': 'application/json',
27 silly registry.get     'cache-control': 'max-age=60',
27 silly registry.get     'content-length': '72763',
27 silly registry.get     'accept-ranges': 'bytes',
27 silly registry.get     via: '1.1 varnish',
27 silly registry.get     age: '0',
27 silly registry.get     'x-served-by': 'cache-ty67-TYO',
27 silly registry.get     'x-cache': 'MISS',
27 silly registry.get     'x-cache-hits': '0',
27 silly registry.get     'x-timer': 'S1409453864.778950,VS0,VE561',
27 silly registry.get     vary: 'Accept',
27 silly registry.get     'keep-alive': 'timeout=10, max=50',
27 silly registry.get     connection: 'Keep-Alive' } ]
28 silly addNameRange number 2 { name: 'azure-cli', range: '*', hasData: true }
29 silly addNameRange versions [ 'azure-cli',
29 silly addNameRange   [ '0.6.8',
29 silly addNameRange     '0.6.9',
29 silly addNameRange     '0.6.10',
29 silly addNameRange     '0.6.11',
29 silly addNameRange     '0.6.14',
29 silly addNameRange     '0.6.15',
29 silly addNameRange     '0.6.16',
29 silly addNameRange     '0.6.17',
29 silly addNameRange     '0.6.18',
29 silly addNameRange     '0.7.0',
29 silly addNameRange     '0.7.1',
29 silly addNameRange     '0.7.2',
29 silly addNameRange     '0.7.3',
29 silly addNameRange     '0.7.4',
29 silly addNameRange     '0.7.5',
29 silly addNameRange     '0.8.0',
29 silly addNameRange     '0.8.1',
29 silly addNameRange     '0.8.2',
29 silly addNameRange     '0.8.3',
29 silly addNameRange     '0.8.4',
29 silly addNameRange     '0.8.5',
29 silly addNameRange     '0.8.6',
29 silly addNameRange     '0.8.7' ] ]
30 verbose addNamed [ 'azure-cli', '0.8.7' ]
31 verbose addNamed [ '0.8.7', '0.8.7' ]
32 silly lockFile f3a6e903-azure-cli-0-8-7 azure-cli@0.8.7
33 verbose lock azure-cli@0.8.7 /Users/yagitatsuya/.npm/f3a6e903-azure-cli-0-8-7.lock
34 silly lockFile c1f9ed0b-rg-azure-cli-azure-cli-0-8-7-tgz https://registry.npmjs.org/azure-cli/-/azure-cli-0.8.7.tgz
35 verbose lock https://registry.npmjs.org/azure-cli/-/azure-cli-0.8.7.tgz /Users/yagitatsuya/.npm/c1f9ed0b-rg-azure-cli-azure-cli-0-8-7-tgz.lock
36 verbose addRemoteTarball [ 'https://registry.npmjs.org/azure-cli/-/azure-cli-0.8.7.tgz',
36 verbose addRemoteTarball   'db27a616e2e5cdb79a508cc231f033be93c90a3c' ]
37 info retry fetch attempt 1 at 11:57:44
38 verbose fetch to= /var/folders/f9/12s5fhss3ws1zc_7gtt1bzdc0000gn/T/npm-10007-LD4iMuES/registry.npmjs.org/azure-cli/-/azure-cli-0.8.7.tgz
39 http GET https://registry.npmjs.org/azure-cli/-/azure-cli-0.8.7.tgz
40 http 200 https://registry.npmjs.org/azure-cli/-/azure-cli-0.8.7.tgz
41 silly lockFile c1f9ed0b-rg-azure-cli-azure-cli-0-8-7-tgz https://registry.npmjs.org/azure-cli/-/azure-cli-0.8.7.tgz
42 silly lockFile c1f9ed0b-rg-azure-cli-azure-cli-0-8-7-tgz https://registry.npmjs.org/azure-cli/-/azure-cli-0.8.7.tgz
43 silly lockFile f3a6e903-azure-cli-0-8-7 azure-cli@0.8.7
44 silly lockFile f3a6e903-azure-cli-0-8-7 azure-cli@0.8.7
45 silly lockFile a53364e7-azure-cli azure-cli@
46 silly lockFile a53364e7-azure-cli azure-cli@
47 silly resolved [ { name: 'azure-cli',
47 silly resolved     author: { name: 'Microsoft Corporation' },
47 silly resolved     contributors:
47 silly resolved      [ [Object],
47 silly resolved        [Object],
47 silly resolved        [Object],
47 silly resolved        [Object],
47 silly resolved        [Object],
47 silly resolved        [Object],
47 silly resolved        [Object] ],
47 silly resolved     version: '0.8.7',
47 silly resolved     description: 'Microsoft Azure Cross Platform Command Line tool',
47 silly resolved     tags: [ 'azure', 'cli' ],
47 silly resolved     keywords: [ 'node', 'azure', 'cli', 'cloud hosting', 'deployment' ],
47 silly resolved     main: './lib/cli.js',
47 silly resolved     preferGlobal: 'true',
47 silly resolved     engines: { node: '>= 0.8.26' },
47 silly resolved     licenses: [ [Object] ],
47 silly resolved     dependencies:
47 silly resolved      { 'adal-node': '0.1.6',
47 silly resolved        async: '0.2.7',
47 silly resolved        azure: '0.9.13',
47 silly resolved        'azure-common': '0.9.6',
47 silly resolved        'azure-gallery': '2.0.0-pre.8',
47 silly resolved        'azure-mgmt-resource': '2.0.0-pre.9',
47 silly resolved        colors: '0.x.x',
47 silly resolved        commander: '1.0.4',
47 silly resolved        'easy-table': '0.0.1',
47 silly resolved        'event-stream': '3.1.5',
47 silly resolved        eyes: '0.x.x',
47 silly resolved        github: '0.1.6',
47 silly resolved        kuduscript: '0.1.11',
47 silly resolved        moment: '2.6.0',
47 silly resolved        'node-uuid': '1.2.0',
47 silly resolved        omelette: '0.1.0',
47 silly resolved        request: '2.27.0',
47 silly resolved        streamline: '0.4.5',
47 silly resolved        through: '2.3.4',
47 silly resolved        tunnel: '0.0.2',
47 silly resolved        underscore: '1.4.x',
47 silly resolved        validator: '~3.1.0',
47 silly resolved        winston: '0.6.x',
47 silly resolved        wordwrap: '0.0.2',
47 silly resolved        xml2js: '0.1.x',
47 silly resolved        xmlbuilder: '0.4.x',
47 silly resolved        'readable-stream': '~1.0.0',
47 silly resolved        'openssl-wrapper': '0.2.1',
47 silly resolved        'caller-id': '0.1.x' },
47 silly resolved     devDependencies:
47 silly resolved      { mocha: '1.16.0',
47 silly resolved        jshint: '>= 2.1.4',
47 silly resolved        sinon: '*',
47 silly resolved        should: '3.3.2',
47 silly resolved        nock: '0.16',
47 silly resolved        'winston-memory': '*',
47 silly resolved        cucumber: '~0.3.0' },
47 silly resolved     homepage: 'https://github.com/WindowsAzure/azure-sdk-tools-xplat',
47 silly resolved     repository:
47 silly resolved      { type: 'git',
47 silly resolved        url: 'git@github.com:WindowsAzure/azure-sdk-tools-xplat.git' },
47 silly resolved     bugs: { url: 'https://github.com/WindowsAzure/azure-sdk-tools-xplat/issues' },
47 silly resolved     scripts:
47 silly resolved      { test: 'npm -s run-script jshint && npm -s run-script unit && npm -s run-script unit-arm',
47 silly resolved        unit: 'node scripts/unit.js testlist.txt',
47 silly resolved        'unit-mc': 'node scripts/unit.js --mc testlistmc.txt',
47 silly resolved        'unit-arm': 'node scripts/unit.js testlistarm.txt',
47 silly resolved        jshint: 'jshint lib --jslint-reporter --extra-ext ._js',
47 silly resolved        preci: 'jshint lib --reporter=checkstyle --extra-ext ._js > checkstyle-result.xml',
47 silly resolved        ci: 'node scripts/unit.js testlist.txt -xunit',
47 silly resolved        preacceptance: 'node scripts/cuke-environment.js setup',
47 silly resolved        acceptance: 'node node_modules/cucumber/bin/cucumber.js',
47 silly resolved        postacceptance: 'node scripts/cuke-environment.js teardown',
47 silly resolved        'extract-labels': 'node scripts/extract-labels' },
47 silly resolved     bin: { azure: './bin/azure' },
47 silly resolved     gitHead: '993229f509ad8500362d686f2e54871848a6fba1',
47 silly resolved     _id: 'azure-cli@0.8.7',
47 silly resolved     _shasum: 'db27a616e2e5cdb79a508cc231f033be93c90a3c',
47 silly resolved     _from: 'azure-cli@',
47 silly resolved     _npmVersion: '1.4.23',
47 silly resolved     _npmUser: { name: 'windowsazure', email: 'azuresdk@outlook.com' },
47 silly resolved     maintainers: [ [Object] ],
47 silly resolved     dist:
47 silly resolved      { shasum: 'db27a616e2e5cdb79a508cc231f033be93c90a3c',
47 silly resolved        tarball: 'http://registry.npmjs.org/azure-cli/-/azure-cli-0.8.7.tgz' },
47 silly resolved     directories: {},
47 silly resolved     _resolved: 'https://registry.npmjs.org/azure-cli/-/azure-cli-0.8.7.tgz' } ]
48 info install azure-cli@0.8.7 into /usr/local/lib
49 info installOne azure-cli@0.8.7
50 verbose lib/node_modules/azure-cli unbuild
51 info preuninstall azure-cli@0.8.5
52 info uninstall azure-cli@0.8.5
53 verbose true,/usr/local/lib/node_modules,/usr/local/lib/node_modules unbuild azure-cli@0.8.5
54 verbose /usr/local/bin,[object Object] binRoot
55 verbose lib/node_modules/azure-cli unbuild
56 info preuninstall azure-cli@0.8.5
57 info uninstall azure-cli@0.8.5
58 verbose true,/usr/local/lib/node_modules,/usr/local/lib/node_modules unbuild azure-cli@0.8.5
59 verbose /usr/local/bin,[object Object] binRoot
60 info postuninstall azure-cli@0.8.5
61 error Refusing to delete: /usr/local/bin/azure not in /usr/local/lib/node_modules/azure-cli
File exists: /usr/local/bin/azure
Move it away, and try again.
62 error System Darwin 13.3.0
63 error command "node" "/usr/local/bin/npm" "install" "azure-cli" "-g"
64 error cwd /Users/yagitatsuya/dev/node/miditap001
65 error node -v v0.10.24
66 error npm -v 1.4.18
67 error path /usr/local/bin/azure
68 error code EEXIST
69 verbose exit [ 1, true ]
